<?xml version="1.0" encoding="UTF-8"?>
<!-- Generated by org.testng.reporters.JUnitXMLReporter -->
<testsuite hostname="MAYTINH-MF89NVV" name="Window" tests="1" failures="1" timestamp="1 Apr 2018 16:06:07 GMT" time="13.286" errors="0">
  <testcase name="run_cukes" time="13.244" classname="runner.Runner">
    <failure type="cucumber.runtime.CucumberException" message="cucumber.runtime.CucumberException: Arity mismatch: Step Definition &amp;apos;stepdefinations.RegisterPageSteps.i_am_on_ZingPoll_website() in file:/C:/Workspace/Web_Mobi_Maven_Java_POM/target/test-classes/&amp;apos; with pattern [^I am on ZingPoll website &amp;quot;(.*?)&amp;quot;$] is declared with 0 parameters. However, the gherkin step has 1 arguments [chrome]. 
Step: Given I am on ZingPoll website &amp;quot;chrome&amp;quot;">
      <![CDATA[cucumber.runtime.CucumberException: cucumber.runtime.CucumberException: Arity mismatch: Step Definition 'stepdefinations.RegisterPageSteps.i_am_on_ZingPoll_website() in file:/C:/Workspace/Web_Mobi_Maven_Java_POM/target/test-classes/' with pattern [^I am on ZingPoll website "(.*?)"$] is declared with 0 parameters. However, the gherkin step has 1 arguments [chrome]. 
Step: Given I am on ZingPoll website "chrome"
	at cucumber.api.testng.TestNGCucumberRunner.runCukes(TestNGCucumberRunner.java:48)
	at cucumber.api.testng.AbstractTestNGCucumberTests.run_cukes(AbstractTestNGCucumberTests.java:14)
	at cucumber.api.testng.AbstractTestNGCucumberTests.run(AbstractTestNGCucumberTests.java:19)
Caused by: cucumber.runtime.CucumberException: Arity mismatch: Step Definition 'stepdefinations.RegisterPageSteps.i_am_on_ZingPoll_website() in file:/C:/Workspace/Web_Mobi_Maven_Java_POM/target/test-classes/' with pattern [^I am on ZingPoll website "(.*?)"$] is declared with 0 parameters. However, the gherkin step has 1 arguments [chrome]. 
Step: Given I am on ZingPoll website "chrome"
	at cucumber.runtime.StepDefinitionMatch.arityMismatch(StepDefinitionMatch.java:100)
	at cucumber.runtime.StepDefinitionMatch.transformedArgs(StepDefinitionMatch.java:60)
	at cucumber.runtime.StepDefinitionMatch.runStep(StepDefinitionMatch.java:37)
	at cucumber.runtime.Runtime.runStep(Runtime.java:298)
	at cucumber.runtime.model.StepContainer.runStep(StepContainer.java:44)
	at cucumber.runtime.model.StepContainer.runSteps(StepContainer.java:39)
	at cucumber.runtime.model.CucumberScenario.run(CucumberScenario.java:48)
	at cucumber.runtime.model.CucumberFeature.run(CucumberFeature.java:163)
	at cucumber.runtime.Runtime.run(Runtime.java:120)
	at cucumber.api.testng.TestNGCucumberRunner.runCukes(TestNGCucumberRunner.java:43)
	... 32 more
... Removed 30 stack frames]]>
    </failure>
  </testcase> <!-- run_cukes -->
</testsuite> <!-- Window -->
