<html>
<head>
<title>TestNG:  Window</title>
<link href="../testng.css" rel="stylesheet" type="text/css" />
<link href="../my-testng.css" rel="stylesheet" type="text/css" />

<style type="text/css">
.log { display: none;} 
.stack-trace { display: none;} 
</style>
<script type="text/javascript">
<!--
function flip(e) {
  current = e.style.display;
  if (current == 'block') {
    e.style.display = 'none';
    return 0;
  }
  else {
    e.style.display = 'block';
    return 1;
  }
}

function toggleBox(szDivId, elem, msg1, msg2)
{
  var res = -1;  if (document.getElementById) {
    res = flip(document.getElementById(szDivId));
  }
  else if (document.all) {
    // this is the way old msie versions work
    res = flip(document.all[szDivId]);
  }
  if(elem) {
    if(res == 0) elem.innerHTML = msg1; else elem.innerHTML = msg2;
  }

}

function toggleAllBoxes() {
  if (document.getElementsByTagName) {
    d = document.getElementsByTagName('div');
    for (i = 0; i < d.length; i++) {
      if (d[i].className == 'log') {
        flip(d[i]);
      }
    }
  }
}

// -->
</script>

</head>
<body>
<h2 align='center'>Window</h2><table border='1' align="center">
<tr>
<td>Tests passed/Failed/Skipped:</td><td>0/1/0</td>
</tr><tr>
<td>Started on:</td><td>Sun Apr 01 23:05:54 ICT 2018</td>
</tr>
<tr><td>Total time:</td><td>13 seconds (13286 ms)</td>
</tr><tr>
<td>Included groups:</td><td></td>
</tr><tr>
<td>Excluded groups:</td><td></td>
</tr>
</table><p/>
<small><i>(Hover the method name to see the test class name)</i></small><p/>
<table width='100%' border='1' class='invocation-failed'>
<tr><td colspan='4' align='center'><b>FAILED TESTS</b></td></tr>
<tr><td><b>Test method</b></td>
<td width="30%"><b>Exception</b></td>
<td width="10%"><b>Time (seconds)</b></td>
<td><b>Instance</b></td>
</tr>
<tr>
<td title='runner.Runner.run_cukes()'><b>run_cukes</b><br>Test class: runner.Runner<br>Test method: Runs Cucumber Features<br/>
<a href="#Output-1961002599" onClick='toggleBox("Output-1961002599", this, "Show output", "Hide output");'>Show output</a>

<a href="#Output-1961002599" onClick="toggleAllBoxes();">Show all outputs</a>
<div class='log' id="Output-1961002599">
<div "featureFile">Feature File: RegisterToZingPoll.feature</div><br/>
<div "feature">Feature: Register to ZingPoll</div><br/>
<div "scenario">Scenario: Register with empty new user</div><br/>
<div "result">Given  I am on ZingPoll website &quot;chrome&quot; (failed : 0s)</div><br/>
<div "result">And  I click the SignIn button (skipped)</div><br/>
<div "result">Then  The SignIn form should be shown (undefined)</div><br/>
<div "result">And  Choose task new user radio button (undefined)</div><br/>
<div "result">Then  The SignUp form should be shown (undefined)</div><br/>
<div "result">When  I click Register button (undefined)</div><br/>
<div "result">Then  I verify the failure message &quot;Please enter your name.&quot; (undefined)</div><br/>
<div "result">And  I verify the failure message &quot;Please enter your email.&quot; (undefined)</div><br/>
<div "result">And  I verify the failure message &quot;Please enter your password.&quot; (undefined)</div><br/>
<div "result">And  I verify the failure message &quot;The re-type password is required and cannot be empty&quot; (undefined)</div><br/>
<div "result">And  I verify the failure message &quot;Please agree with the term!&quot; (undefined)</div><br/>
</div>
</td>
<td><div><pre>cucumber.runtime.CucumberException: cucumber.runtime.CucumberException: Arity mismatch: Step Definition &apos;stepdefinations.RegisterPageSteps.i_am_on_ZingPoll_website() in file:/C:/Workspace/Web_Mobi_Maven_Java_POM/target/test-classes/&apos; with pattern [^I am on ZingPoll website &quot;(.*?)&quot;$] is declared with 0 parameters. However, the gherkin step has 1 arguments [chrome]. 
Step: Given I am on ZingPoll website &quot;chrome&quot;
	at cucumber.api.testng.TestNGCucumberRunner.runCukes(TestNGCucumberRunner.java:48)
	at cucumber.api.testng.AbstractTestNGCucumberTests.run_cukes(AbstractTestNGCucumberTests.java:14)
	at cucumber.api.testng.AbstractTestNGCucumberTests.run(AbstractTestNGCucumberTests.java:19)
Caused by: cucumber.runtime.CucumberException: Arity mismatch: Step Definition &apos;stepdefinations.RegisterPageSteps.i_am_on_ZingPoll_website() in file:/C:/Workspace/Web_Mobi_Maven_Java_POM/target/test-classes/&apos; with pattern [^I am on ZingPoll website &quot;(.*?)&quot;$] is declared with 0 parameters. However, the gherkin step has 1 arguments [chrome]. 
Step: Given I am on ZingPoll website &quot;chrome&quot;
	at cucumber.runtime.StepDefinitionMatch.arityMismatch(StepDefinitionMatch.java:100)
	at cucumber.runtime.StepDefinitionMatch.transformedArgs(StepDefinitionMatch.java:60)
	at cucumber.runtime.StepDefinitionMatch.runStep(StepDefinitionMatch.java:37)
	at cucumber.runtime.Runtime.runStep(Runtime.java:298)
	at cucumber.runtime.model.StepContainer.runStep(StepContainer.java:44)
	at cucumber.runtime.model.StepContainer.runSteps(StepContainer.java:39)
	at cucumber.runtime.model.CucumberScenario.run(CucumberScenario.java:48)
	at cucumber.runtime.model.CucumberFeature.run(CucumberFeature.java:163)
	at cucumber.runtime.Runtime.run(Runtime.java:120)
	at cucumber.api.testng.TestNGCucumberRunner.runCukes(TestNGCucumberRunner.java:43)
	... 32 more
... Removed 30 stack frames</pre></div><a href='#' onClick='toggleBox("stack-trace1961002599", this, "Click to show all stack frames", "Click to hide stack frames")'>Click to show all stack frames</a>
<div class='stack-trace' id='stack-trace1961002599'><pre>cucumber.runtime.CucumberException: cucumber.runtime.CucumberException: Arity mismatch: Step Definition &apos;stepdefinations.RegisterPageSteps.i_am_on_ZingPoll_website() in file:/C:/Workspace/Web_Mobi_Maven_Java_POM/target/test-classes/&apos; with pattern [^I am on ZingPoll website &quot;(.*?)&quot;$] is declared with 0 parameters. However, the gherkin step has 1 arguments [chrome]. 
Step: Given I am on ZingPoll website &quot;chrome&quot;
	at cucumber.api.testng.TestNGCucumberRunner.runCukes(TestNGCucumberRunner.java:48)
	at cucumber.api.testng.AbstractTestNGCucumberTests.run_cukes(AbstractTestNGCucumberTests.java:14)
	at sun.reflect.NativeMethodAccessorImpl.invoke0(Native Method)
	at sun.reflect.NativeMethodAccessorImpl.invoke(Unknown Source)
	at sun.reflect.DelegatingMethodAccessorImpl.invoke(Unknown Source)
	at java.lang.reflect.Method.invoke(Unknown Source)
	at org.testng.internal.MethodInvocationHelper.invokeMethod(MethodInvocationHelper.java:84)
	at org.testng.internal.MethodInvocationHelper$1.runTestMethod(MethodInvocationHelper.java:200)
	at cucumber.api.testng.AbstractTestNGCucumberTests.run(AbstractTestNGCucumberTests.java:19)
	at sun.reflect.NativeMethodAccessorImpl.invoke0(Native Method)
	at sun.reflect.NativeMethodAccessorImpl.invoke(Unknown Source)
	at sun.reflect.DelegatingMethodAccessorImpl.invoke(Unknown Source)
	at java.lang.reflect.Method.invoke(Unknown Source)
	at org.testng.internal.MethodInvocationHelper.invokeHookable(MethodInvocationHelper.java:212)
	at org.testng.internal.Invoker.invokeMethod(Invoker.java:707)
	at org.testng.internal.Invoker.invokeTestMethod(Invoker.java:901)
	at org.testng.internal.Invoker.invokeTestMethods(Invoker.java:1231)
	at org.testng.internal.TestMethodWorker.invokeTestMethods(TestMethodWorker.java:127)
	at org.testng.internal.TestMethodWorker.run(TestMethodWorker.java:111)
	at org.testng.TestRunner.privateRun(TestRunner.java:767)
	at org.testng.TestRunner.run(TestRunner.java:617)
	at org.testng.SuiteRunner.runTest(SuiteRunner.java:348)
	at org.testng.SuiteRunner.runSequentially(SuiteRunner.java:343)
	at org.testng.SuiteRunner.privateRun(SuiteRunner.java:305)
	at org.testng.SuiteRunner.run(SuiteRunner.java:254)
	at org.testng.SuiteRunnerWorker.runSuite(SuiteRunnerWorker.java:52)
	at org.testng.SuiteRunnerWorker.run(SuiteRunnerWorker.java:86)
	at org.testng.TestNG.runSuitesSequentially(TestNG.java:1224)
	at org.testng.TestNG.runSuitesLocally(TestNG.java:1149)
	at org.testng.TestNG.run(TestNG.java:1057)
	at org.testng.remote.AbstractRemoteTestNG.run(AbstractRemoteTestNG.java:114)
	at org.testng.remote.RemoteTestNG.initAndRun(RemoteTestNG.java:251)
	at org.testng.remote.RemoteTestNG.main(RemoteTestNG.java:77)
Caused by: cucumber.runtime.CucumberException: Arity mismatch: Step Definition &apos;stepdefinations.RegisterPageSteps.i_am_on_ZingPoll_website() in file:/C:/Workspace/Web_Mobi_Maven_Java_POM/target/test-classes/&apos; with pattern [^I am on ZingPoll website &quot;(.*?)&quot;$] is declared with 0 parameters. However, the gherkin step has 1 arguments [chrome]. 
Step: Given I am on ZingPoll website &quot;chrome&quot;
	at cucumber.runtime.StepDefinitionMatch.arityMismatch(StepDefinitionMatch.java:100)
	at cucumber.runtime.StepDefinitionMatch.transformedArgs(StepDefinitionMatch.java:60)
	at cucumber.runtime.StepDefinitionMatch.runStep(StepDefinitionMatch.java:37)
	at cucumber.runtime.Runtime.runStep(Runtime.java:298)
	at cucumber.runtime.model.StepContainer.runStep(StepContainer.java:44)
	at cucumber.runtime.model.StepContainer.runSteps(StepContainer.java:39)
	at cucumber.runtime.model.CucumberScenario.run(CucumberScenario.java:48)
	at cucumber.runtime.model.CucumberFeature.run(CucumberFeature.java:163)
	at cucumber.runtime.Runtime.run(Runtime.java:120)
	at cucumber.api.testng.TestNGCucumberRunner.runCukes(TestNGCucumberRunner.java:43)
	... 32 more
</pre></div></td>
<td>13</td>
<td>runner.Runner@5442a311</td></tr>
</table><p>
</body>
</html>